<?xml version="1.0" encoding="UTF-8"?>
<robot generator="Robot 3.2.2 (Python 3.8.3 on win32)" generated="20210215 11:15:19.455" rpa="false">
<suite id="s1" name="TC4" source="C:\Users\skriy\PycharmProjects\SeleniumRobot\OrangehrmliveDemo\TC4.robot">
<kw name="Log" library="BuiltIn" type="setup">
<doc>Logs the given message with the given level.</doc>
<arguments>
<arg>I am in side Test Suite Steup</arg>
</arguments>
<msg timestamp="20210215 11:15:19.840" level="INFO">I am in side Test Suite Steup</msg>
<status status="PASS" starttime="20210215 11:15:19.840" endtime="20210215 11:15:19.840"></status>
</kw>
<test id="s1-t1" name="MyFirstTest">
<kw name="Log" library="BuiltIn" type="setup">
<doc>Logs the given message with the given level.</doc>
<arguments>
<arg>I am in side Test Test Steup</arg>
</arguments>
<msg timestamp="20210215 11:15:19.841" level="INFO">I am in side Test Test Steup</msg>
<status status="PASS" starttime="20210215 11:15:19.841" endtime="20210215 11:15:19.841"></status>
</kw>
<kw name="Log" library="BuiltIn">
<doc>Logs the given message with the given level.</doc>
<arguments>
<arg>Hello WOrld.....IT is First</arg>
</arguments>
<msg timestamp="20210215 11:15:19.842" level="INFO">Hello WOrld.....IT is First</msg>
<status status="PASS" starttime="20210215 11:15:19.842" endtime="20210215 11:15:19.842"></status>
</kw>
<tags>
<tag>smoke</tag>
</tags>
<status status="PASS" starttime="20210215 11:15:19.840" endtime="20210215 11:15:19.842" critical="yes"></status>
</test>
<test id="s1-t2" name="FirstSecondTest">
<kw name="Log" library="BuiltIn" type="setup">
<doc>Logs the given message with the given level.</doc>
<arguments>
<arg>I am in side Test Test Steup</arg>
</arguments>
<msg timestamp="20210215 11:15:19.845" level="INFO">I am in side Test Test Steup</msg>
<status status="PASS" starttime="20210215 11:15:19.845" endtime="20210215 11:15:19.845"></status>
</kw>
<kw name="Log" library="BuiltIn">
<doc>Logs the given message with the given level.</doc>
<arguments>
<arg>Hello WOrld.....IT is Secend</arg>
</arguments>
<msg timestamp="20210215 11:15:19.846" level="INFO">Hello WOrld.....IT is Secend</msg>
<status status="PASS" starttime="20210215 11:15:19.846" endtime="20210215 11:15:19.846"></status>
</kw>
<kw name="Set Tags" library="BuiltIn">
<doc>Adds given ``tags`` for the current test or all tests in a suite.</doc>
<arguments>
<arg>regression1</arg>
</arguments>
<msg timestamp="20210215 11:15:19.847" level="INFO">Set tag 'regression1'.</msg>
<status status="PASS" starttime="20210215 11:15:19.846" endtime="20210215 11:15:19.847"></status>
</kw>
<kw name="Remove Tags" library="BuiltIn">
<doc>Removes given ``tags`` from the current test or all tests in a suite.</doc>
<arguments>
<arg>regression1</arg>
</arguments>
<msg timestamp="20210215 11:15:19.848" level="INFO">Removed tag 'regression1'.</msg>
<status status="PASS" starttime="20210215 11:15:19.847" endtime="20210215 11:15:19.848"></status>
</kw>
<tags>
<tag>sanity</tag>
</tags>
<status status="PASS" starttime="20210215 11:15:19.844" endtime="20210215 11:15:19.848" critical="yes"></status>
</test>
<test id="s1-t3" name="FirstThirdTest">
<kw name="Log" library="BuiltIn" type="setup">
<doc>Logs the given message with the given level.</doc>
<arguments>
<arg>I am in side Test Test Steup</arg>
</arguments>
<msg timestamp="20210215 11:15:19.889" level="INFO">I am in side Test Test Steup</msg>
<status status="PASS" starttime="20210215 11:15:19.889" endtime="20210215 11:15:19.889"></status>
</kw>
<kw name="Log" library="BuiltIn">
<doc>Logs the given message with the given level.</doc>
<arguments>
<arg>Hello WOrld.....It is Third</arg>
</arguments>
<msg timestamp="20210215 11:15:19.911" level="INFO">Hello WOrld.....It is Third</msg>
<status status="PASS" starttime="20210215 11:15:19.911" endtime="20210215 11:15:19.912"></status>
</kw>
<tags>
<tag>sanity</tag>
</tags>
<status status="PASS" starttime="20210215 11:15:19.888" endtime="20210215 11:15:19.912" critical="yes"></status>
</test>
<kw name="Log" library="BuiltIn" type="teardown">
<doc>Logs the given message with the given level.</doc>
<arguments>
<arg>I am in side Test Teardown Steup</arg>
</arguments>
<msg timestamp="20210215 11:15:19.914" level="INFO">I am in side Test Teardown Steup</msg>
<status status="PASS" starttime="20210215 11:15:19.914" endtime="20210215 11:15:19.914"></status>
</kw>
<doc>Suite description</doc>
<status status="PASS" starttime="20210215 11:15:19.457" endtime="20210215 11:15:19.915"></status>
</suite>
<statistics>
<total>
<stat pass="3" fail="0">Critical Tests</stat>
<stat pass="3" fail="0">All Tests</stat>
</total>
<tag>
<stat pass="2" fail="0">sanity</stat>
<stat pass="1" fail="0">smoke</stat>
</tag>
<suite>
<stat pass="3" fail="0" id="s1" name="TC4">TC4</stat>
</suite>
</statistics>
<errors>
</errors>
</robot>
